<?xml version="1.0" encoding="utf-8" standalone="no"?>
<!--This file represents the results of running a test suite-->
<test-results name="C:\Users\Andrea\Documents\Visual Studio 2008\Projects\Seminar\ConstructorInjection.DataProcessing.Test\bin\Debug\ConstructorInjection.DataProcessing.Test.dll" total="2" errors="0" failures="0" not-run="0" inconclusive="0" ignored="0" skipped="0" invalid="0" date="2010-05-01" time="21:44:59">
  <environment nunit-version="2.5.4.10098" clr-version="2.0.50727.4200" os-version="Microsoft Windows NT 6.0.6002 Service Pack 2" platform="Win32NT" cwd="C:\Program Files\NUnit 2.5.4\bin\net-2.0" machine-name="ANDREA-PC" user="Andrea" user-domain="Andrea-PC" />
  <culture-info current-culture="hr-HR" current-uiculture="en-US" />
  <test-suite type="Assembly" name="C:\Users\Andrea\Documents\Visual Studio 2008\Projects\Seminar\ConstructorInjection.DataProcessing.Test\bin\Debug\ConstructorInjection.DataProcessing.Test.dll" executed="True" result="Success" success="True" time="0.042" asserts="0">
    <results>
      <test-suite type="Namespace" name="DataProcessing_Test" executed="True" result="Success" success="True" time="0.040" asserts="0">
        <results>
          <test-suite type="TestFixture" name="DataProcessorTests" executed="True" result="Success" success="True" time="0.027" asserts="0">
            <results>
              <test-case name="DataProcessing_Test.DataProcessorTests.ProcessData_invalidID_throwsException" executed="True" result="Success" success="True" time="0.001" asserts="0" />
              <test-case name="DataProcessing_Test.DataProcessorTests.ProcessData_validID_callsReportPrinter" executed="True" result="Success" success="True" time="0.000" asserts="6" />
            </results>
          </test-suite>
        </results>
      </test-suite>
    </results>
  </test-suite>
</test-results>